<?xml version="1.0" encoding="UTF-8"?>
<!-- Generated by org.testng.reporters.JUnitReportReporter -->
<testsuite hostname="PrateekPC" failures="1" tests="3" name="com.cognizant.tests.TravelInsuranceTest" time="49.187" errors="0" timestamp="2 Jul 2021 13:01:04 GMT">
  <testcase classname="com.cognizant.tests.TravelInsuranceTest" name="testSearchCountry" time="21.355">
    <failure message="WebDriver timeout. Failed to locate a web element." type="org.testng.SkipException">
      <![CDATA[org.testng.SkipException: WebDriver timeout. Failed to locate a web element.
	at com.cognizant.tests.TravelInsuranceTest.testSearchCountry(TravelInsuranceTest.java:89)
	at java.base/jdk.internal.reflect.NativeMethodAccessorImpl.invoke0(Native Method)
	at java.base/jdk.internal.reflect.NativeMethodAccessorImpl.invoke(NativeMethodAccessorImpl.java:78)
	at java.base/jdk.internal.reflect.DelegatingMethodAccessorImpl.invoke(DelegatingMethodAccessorImpl.java:43)
	at java.base/java.lang.reflect.Method.invoke(Method.java:567)
	at org.testng.internal.MethodInvocationHelper.invokeMethod(MethodInvocationHelper.java:80)
	at org.testng.internal.Invoker.invokeMethod(Invoker.java:714)
	at org.testng.internal.Invoker.invokeTestMethod(Invoker.java:901)
	at org.testng.internal.Invoker.invokeTestMethods(Invoker.java:1231)
	at org.testng.internal.TestMethodWorker.invokeTestMethods(TestMethodWorker.java:127)
	at org.testng.internal.TestMethodWorker.run(TestMethodWorker.java:111)
	at org.testng.TestRunner.privateRun(TestRunner.java:767)
	at org.testng.TestRunner.run(TestRunner.java:617)
	at org.testng.SuiteRunner.runTest(SuiteRunner.java:334)
	at org.testng.SuiteRunner.access$000(SuiteRunner.java:37)
	at org.testng.SuiteRunner$SuiteWorker.run(SuiteRunner.java:368)
	at org.testng.internal.thread.ThreadUtil$2.call(ThreadUtil.java:64)
	at java.base/java.util.concurrent.FutureTask.run(FutureTask.java:264)
	at java.base/java.util.concurrent.ThreadPoolExecutor.runWorker(ThreadPoolExecutor.java:1130)
	at java.base/java.util.concurrent.ThreadPoolExecutor$Worker.run(ThreadPoolExecutor.java:630)
	at java.base/java.lang.Thread.run(Thread.java:831)
]]>
    </failure>
  </testcase> <!-- testSearchCountry -->
  <testcase classname="com.cognizant.tests.TravelInsuranceTest" name="testSearchCountry" time="11.853"/>
  <testcase classname="com.cognizant.tests.TravelInsuranceTest" name="testSearchCountry" time="15.979"/>
</testsuite> <!-- com.cognizant.tests.TravelInsuranceTest -->
